  2AP v1.8.2.cpp
C:\Users\BeSTa\source\repos\2AP v1.8.2\2AP v1.8.2.cpp(37,94): warning C4267: =: преобразование из "size_t" в "int"; возможна потеря данных
C:\Users\BeSTa\source\repos\2AP v1.8.2\2AP v1.8.2.cpp(500,65): warning C4244: =: преобразование "_Ty2" в "int", возможна потеря данных
C:\Users\BeSTa\source\repos\2AP v1.8.2\2AP v1.8.2.cpp(500,65): warning C4244:         with
C:\Users\BeSTa\source\repos\2AP v1.8.2\2AP v1.8.2.cpp(500,65): warning C4244:         [
C:\Users\BeSTa\source\repos\2AP v1.8.2\2AP v1.8.2.cpp(500,65): warning C4244:             _Ty2=float
C:\Users\BeSTa\source\repos\2AP v1.8.2\2AP v1.8.2.cpp(500,65): warning C4244:         ]
C:\Users\BeSTa\source\repos\2AP v1.8.2\2AP v1.8.2.cpp(501,72): warning C4244: =: преобразование "_Ty2" в "int", возможна потеря данных
C:\Users\BeSTa\source\repos\2AP v1.8.2\2AP v1.8.2.cpp(501,72): warning C4244:         with
C:\Users\BeSTa\source\repos\2AP v1.8.2\2AP v1.8.2.cpp(501,72): warning C4244:         [
C:\Users\BeSTa\source\repos\2AP v1.8.2\2AP v1.8.2.cpp(501,72): warning C4244:             _Ty2=float
C:\Users\BeSTa\source\repos\2AP v1.8.2\2AP v1.8.2.cpp(501,72): warning C4244:         ]
C:\Users\BeSTa\source\repos\2AP v1.8.2\2AP v1.8.2.cpp(532,65): warning C4244: =: преобразование "int" в "_Ty2", возможна потеря данных
C:\Users\BeSTa\source\repos\2AP v1.8.2\2AP v1.8.2.cpp(532,65): warning C4244:         with
C:\Users\BeSTa\source\repos\2AP v1.8.2\2AP v1.8.2.cpp(532,65): warning C4244:         [
C:\Users\BeSTa\source\repos\2AP v1.8.2\2AP v1.8.2.cpp(532,65): warning C4244:             _Ty2=float
C:\Users\BeSTa\source\repos\2AP v1.8.2\2AP v1.8.2.cpp(532,65): warning C4244:         ]
C:\Users\BeSTa\source\repos\2AP v1.8.2\2AP v1.8.2.cpp(592,65): warning C4244: =: преобразование "_Ty2" в "int", возможна потеря данных
C:\Users\BeSTa\source\repos\2AP v1.8.2\2AP v1.8.2.cpp(592,65): warning C4244:         with
C:\Users\BeSTa\source\repos\2AP v1.8.2\2AP v1.8.2.cpp(592,65): warning C4244:         [
C:\Users\BeSTa\source\repos\2AP v1.8.2\2AP v1.8.2.cpp(592,65): warning C4244:             _Ty2=float
C:\Users\BeSTa\source\repos\2AP v1.8.2\2AP v1.8.2.cpp(592,65): warning C4244:         ]
C:\Users\BeSTa\source\repos\2AP v1.8.2\2AP v1.8.2.cpp(593,65): warning C4244: =: преобразование "_Ty2" в "int", возможна потеря данных
C:\Users\BeSTa\source\repos\2AP v1.8.2\2AP v1.8.2.cpp(593,65): warning C4244:         with
C:\Users\BeSTa\source\repos\2AP v1.8.2\2AP v1.8.2.cpp(593,65): warning C4244:         [
C:\Users\BeSTa\source\repos\2AP v1.8.2\2AP v1.8.2.cpp(593,65): warning C4244:             _Ty2=float
C:\Users\BeSTa\source\repos\2AP v1.8.2\2AP v1.8.2.cpp(593,65): warning C4244:         ]
C:\Program Files\Microsoft Visual Studio\2022\Community\VC\Tools\MSVC\14.43.34808\include\utility(274,54): warning C4244: инициализация: преобразование "int" в "_Ty2", возможна потеря данных
C:\Program Files\Microsoft Visual Studio\2022\Community\VC\Tools\MSVC\14.43.34808\include\utility(274,54): warning C4244:         with
C:\Program Files\Microsoft Visual Studio\2022\Community\VC\Tools\MSVC\14.43.34808\include\utility(274,54): warning C4244:         [
C:\Program Files\Microsoft Visual Studio\2022\Community\VC\Tools\MSVC\14.43.34808\include\utility(274,54): warning C4244:             _Ty2=float
C:\Program Files\Microsoft Visual Studio\2022\Community\VC\Tools\MSVC\14.43.34808\include\utility(274,54): warning C4244:         ]
  (компиляция исходного файла "2AP%20v1.8.2.cpp")
      C:\Program Files\Microsoft Visual Studio\2022\Community\VC\Tools\MSVC\14.43.34808\include\utility(274,54):
      контекст создания экземпляра шаблона (сначала самый старый)
          C:\Users\BeSTa\source\repos\2AP v1.8.2\2AP v1.8.2.cpp(507,32):
          выполняется компиляция ссылки на экземпляр шаблон функции "std::pair<std::string,float>::pair<_Ty&,int&,0>(_Other1,_Other2) noexcept(false)"
          with
          [
              _Ty=std::string,
              _Other1=std::string &,
              _Other2=int &
          ]
              C:\Users\BeSTa\source\repos\2AP v1.8.2\2AP v1.8.2.cpp(507,31):
              см. первую ссылку на std::pair<std::string,float>::pair "autoPipe"
  
  Создание кода
  1 of 533 functions ( 0.2%) were compiled, the rest were copied from previous compilation.
    0 functions were new in current compilation
    1 functions had inline decision re-evaluated but remain unchanged
  Создание кода завершено
  2AP v1.8.2.vcxproj -> C:\Users\BeSTa\source\repos\2AP v1.8.2\x64\Release\2AP v1.8.2.exe
